<?xml version="1.0" encoding="UTF-8" ?>
<testsuite errors="0" failures="0" hostname="YASHODHA" name="com.alogorithm.sorting.TestSortingAlgorithms" tests="2" time="0.212" timestamp="2013-05-29T06:50:48">
  <properties>
    <property name="java.runtime.name" value="Java(TM) SE Runtime Environment" />
    <property name="sun.boot.library.path" value="C:\SWTools\JDK7\jre\bin" />
    <property name="java.vm.version" value="23.7-b01" />
    <property name="ant.library.dir" value="C:\SWTools\cruisecontrol-bin-2.8.4\apache-ant-1.7.0\lib" />
    <property name="ant.version" value="Apache Ant version 1.7.0 compiled on December 13 2006" />
    <property name="ant.java.version" value="1.6" />
    <property name="java.vm.vendor" value="Oracle Corporation" />
    <property name="java.vendor.url" value="http://java.oracle.com/" />
    <property name="path.separator" value=";" />
    <property name="java.vm.name" value="Java HotSpot(TM) Client VM" />
    <property name="file.encoding.pkg" value="sun.io" />
    <property name="user.script" value="" />
    <property name="user.country" value="US" />
    <property name="sun.java.launcher" value="SUN_STANDARD" />
    <property name="sun.os.patch.level" value="Service Pack 2" />
    <property name="java.vm.specification.name" value="Java Virtual Machine Specification" />
    <property name="user.dir" value="C:\Personal\Vijitha\CCBuilds\checkout\Alogorithms" />
    <property name="java.runtime.version" value="1.7.0_13-b20" />
    <property name="java.awt.graphicsenv" value="sun.awt.Win32GraphicsEnvironment" />
    <property name="basedir" value="C:\Personal\Vijitha\CCBuilds\checkout\Alogorithms" />
    <property name="java.endorsed.dirs" value="C:\SWTools\JDK7\jre\lib\endorsed" />
    <property name="os.arch" value="x86" />
    <property name="java.io.tmpdir" value="C:\Users\YA\AppData\Local\Temp\" />
    <property name="ant.core.lib" value="C:\SWTools\cruisecontrol-bin-2.8.4\apache-ant-1.7.0\lib\ant.jar" />
    <property name="line.separator" value="
" />
    <property name="java.vm.specification.vendor" value="Oracle Corporation" />
    <property name="user.variant" value="" />
    <property name="os.name" value="Windows Vista" />
    <property name="ant.home" value="C:\SWTools\cruisecontrol-bin-2.8.4\apache-ant-1.7.0" />
    <property name="build.dir" value="bin" />
    <property name="ant.project.name" value="Algorithems" />
    <property name="sun.jnu.encoding" value="Cp1252" />
    <property name="java.library.path" value="C:\SWTools\JDK7\jre\bin;C:\Windows\Sun\Java\bin;C:\Windows\system32;C:\Windows;C:\Program Files\Common Files\Microsoft Shared\Windows Live;C:\Program Files\Common Files\ArcSoft\Bin;C:\Windows\system32;C:\Windows;C:\Windows\System32\Wbem;C:\Program Files\CyberLink\Power2Go\;C:\Program Files\QuickTime\QTSystem\;C:\Windows\System32\WindowsPowerShell\v1.0\;C:\Program Files\Common Files\Teleca Shared;C:\Program Files\Windows Live\Shared;.;C:\SWTools\JDK7/bin;C:\SWTools\apache-tomcat-7.0.34/bin;C:\SWTools\cruisecontrol-bin-2.8.4\apache-ant-1.7.0/bin;C:\SWTools\apache-maven-3.0.5/bin;C:\Program Files\Git/bin;." />
    <property name="java.specification.name" value="Java Platform API Specification" />
    <property name="java.class.version" value="51.0" />
    <property name="sun.management.compiler" value="HotSpot Client Compiler" />
    <property name="os.version" value="6.0" />
    <property name="ant.file" value="C:\Personal\Vijitha\CCBuilds\checkout\Alogorithms\build.xml" />
    <property name="user.home" value="C:\Users\YA" />
    <property name="user.timezone" value="" />
    <property name="java.awt.printerjob" value="sun.awt.windows.WPrinterJob" />
    <property name="file.encoding" value="Cp1252" />
    <property name="java.specification.version" value="1.7" />
    <property name="user.name" value="YA" />
    <property name="java.class.path" value="C:\Personal\Vijitha\CCBuilds\checkout\Alogorithms\lib\asm-3.0.jar;C:\Personal\Vijitha\CCBuilds\checkout\Alogorithms\lib\asm-tree-3.0.jar;C:\Personal\Vijitha\CCBuilds\checkout\Alogorithms\lib\cobertura.jar;C:\Personal\Vijitha\CCBuilds\checkout\Alogorithms\lib\hamcrest-all-1.3.jar;C:\Personal\Vijitha\CCBuilds\checkout\Alogorithms\lib\jakarta-oro-2.0.8.jar;C:\Personal\Vijitha\CCBuilds\checkout\Alogorithms\lib\junit-4.11.jar;C:\Personal\Vijitha\CCBuilds\checkout\Alogorithms\lib\log4j-1.2.9.jar;C:\Personal\Vijitha\CCBuilds\checkout\Alogorithms\bin;C:\Personal\Vijitha\CCBuilds\checkout\Alogorithms;C:\hsqldb\lib\hsqldb.jar;C:\SWTools\cruisecontrol-bin-2.8.4\apache-ant-1.7.0\lib\junit-4.4.jar;C:\SWTools\cruisecontrol-bin-2.8.4\apache-ant-1.7.0\lib\ant-launcher.jar;C:\SWTools\cruisecontrol-bin-2.8.4\apache-ant-1.7.0\lib\ant.jar;C:\SWTools\cruisecontrol-bin-2.8.4\apache-ant-1.7.0\lib\ant-junit.jar" />
    <property name="report.dir" value="reports" />
    <property name="ant.file.Algorithems" value="C:\Personal\Vijitha\CCBuilds\checkout\Alogorithms\build.xml" />
    <property name="java.vm.specification.version" value="1.7" />
    <property name="sun.java.command" value="org.apache.tools.ant.taskdefs.optional.junit.JUnitTestRunner testsfile=C:\Personal\Vijitha\CCBuilds\checkout\Alogorithms\junittestcases1975640575.properties filtertrace=true haltOnError=false haltOnFailure=true formatter=org.apache.tools.ant.taskdefs.optional.junit.SummaryJUnitResultFormatter showoutput=true outputtoformatters=true logtestlistenerevents=true formatter=org.apache.tools.ant.taskdefs.optional.junit.XMLJUnitResultFormatter,C:\Personal\Vijitha\CCBuilds\checkout\Alogorithms\reports\raw\IGNORETHIS.xml crashfile=C:\Personal\Vijitha\CCBuilds\checkout\Alogorithms\junitvmwatcher1285210084.properties propsfile=C:\Personal\Vijitha\CCBuilds\checkout\Alogorithms\junit1770574865.properties" />
    <property name="java.home" value="C:\SWTools\JDK7\jre" />
    <property name="sun.arch.data.model" value="32" />
    <property name="java.specification.vendor" value="Oracle Corporation" />
    <property name="user.language" value="en" />
    <property name="awt.toolkit" value="sun.awt.windows.WToolkit" />
    <property name="test.dir" value="test" />
    <property name="java.vm.info" value="mixed mode, sharing" />
    <property name="java.version" value="1.7.0_13" />
    <property name="java.ext.dirs" value="C:\SWTools\JDK7\jre\lib\ext;C:\Windows\Sun\Java\lib\ext" />
    <property name="sun.boot.class.path" value="C:\SWTools\JDK7\jre\lib\resources.jar;C:\SWTools\JDK7\jre\lib\rt.jar;C:\SWTools\JDK7\jre\lib\sunrsasign.jar;C:\SWTools\JDK7\jre\lib\jsse.jar;C:\SWTools\JDK7\jre\lib\jce.jar;C:\SWTools\JDK7\jre\lib\charsets.jar;C:\SWTools\JDK7\jre\lib\jfr.jar;C:\SWTools\JDK7\jre\classes" />
    <property name="java.vendor" value="Oracle Corporation" />
    <property name="file.separator" value="\" />
    <property name="src.dir" value="src" />
    <property name="java.vendor.url.bug" value="http://bugreport.sun.com/bugreport/" />
    <property name="sun.cpu.endian" value="little" />
    <property name="sun.io.unicode.encoding" value="UnicodeLittle" />
    <property name="sun.desktop" value="windows" />
    <property name="sun.cpu.isalist" value="pentium_pro+mmx pentium_pro pentium+mmx pentium i486 i386 i86" />
  </properties>
  <testcase classname="com.alogorithm.sorting.TestSortingAlgorithms" name="shouldReturnSortedCollectionFromBubbleSortAlgorithm" time="0.01" />
  <testcase classname="com.alogorithm.sorting.TestSortingAlgorithms" name="shouldReturnSortedCollectionFromQuickSortAlgorithm" time="0.002" />
  <system-out><![CDATA[
Data set Before Sorting : 	[10, 67, 21, 96, 66, 48, 33, 3, 5, 90]
Data set After Bubble Sorting : 	[3, 5, 10, 21, 33, 48, 66, 67, 90, 96]

Data set Before Sorting : 	[77, 58, 22, 93, 55, 15, 15, 80, 90, 89]
Data set After Quick Sorting : 	[15, 15, 22, 55, 58, 77, 80, 89, 90, 93]
]]></system-out>
  <system-err><![CDATA[]]></system-err>
</testsuite>
